<?xml version="1.0" encoding="UTF-8"?>
<testsuite xmlns:xsi="http://www.w3.org/2001/XMLSchema-instance" xsi:noNamespaceSchemaLocation="https://maven.apache.org/surefire/maven-surefire-plugin/xsd/surefire-test-report-3.0.xsd" version="3.0" name="TestSuite" time="39.387" tests="1" errors="0" skipped="0" failures="0">
  <properties>
    <property name="sun.desktop" value="windows"/>
    <property name="awt.toolkit" value="sun.awt.windows.WToolkit"/>
    <property name="surefire.suiteXmlFiles" value="Post_TestNG.xml"/>
    <property name="file.encoding.pkg" value="sun.io"/>
    <property name="java.specification.version" value="1.8"/>
    <property name="sun.cpu.isalist" value="amd64"/>
    <property name="sun.jnu.encoding" value="Cp1252"/>
    <property name="java.class.path" value="F:\qa-api-test-automation-framework\target\test-classes;F:\qa-api-test-automation-framework\target\classes;C:\Users\Abdur Rehmam\.m2\repository\org\testng\testng\7.0.0\testng-7.0.0.jar;C:\Users\Abdur Rehmam\.m2\repository\com\beust\jcommander\1.72\jcommander-1.72.jar;C:\Users\Abdur Rehmam\.m2\repository\org\apache\httpcomponents\httpclient\4.5.10\httpclient-4.5.10.jar;C:\Users\Abdur Rehmam\.m2\repository\org\apache\httpcomponents\httpcore\4.4.12\httpcore-4.4.12.jar;C:\Users\Abdur Rehmam\.m2\repository\commons-logging\commons-logging\1.2\commons-logging-1.2.jar;C:\Users\Abdur Rehmam\.m2\repository\commons-codec\commons-codec\1.11\commons-codec-1.11.jar;C:\Users\Abdur Rehmam\.m2\repository\io\rest-assured\rest-assured\4.1.0\rest-assured-4.1.0.jar;C:\Users\Abdur Rehmam\.m2\repository\org\codehaus\groovy\groovy\2.5.6\groovy-2.5.6.jar;C:\Users\Abdur Rehmam\.m2\repository\org\codehaus\groovy\groovy-xml\2.5.6\groovy-xml-2.5.6.jar;C:\Users\Abdur Rehmam\.m2\repository\org\apache\httpcomponents\httpmime\4.5.3\httpmime-4.5.3.jar;C:\Users\Abdur Rehmam\.m2\repository\org\hamcrest\hamcrest\2.1\hamcrest-2.1.jar;C:\Users\Abdur Rehmam\.m2\repository\org\ccil\cowan\tagsoup\tagsoup\1.2.1\tagsoup-1.2.1.jar;C:\Users\Abdur Rehmam\.m2\repository\io\rest-assured\json-path\4.1.0\json-path-4.1.0.jar;C:\Users\Abdur Rehmam\.m2\repository\org\codehaus\groovy\groovy-json\2.5.6\groovy-json-2.5.6.jar;C:\Users\Abdur Rehmam\.m2\repository\io\rest-assured\rest-assured-common\4.1.0\rest-assured-common-4.1.0.jar;C:\Users\Abdur Rehmam\.m2\repository\io\rest-assured\xml-path\4.1.0\xml-path-4.1.0.jar;C:\Users\Abdur Rehmam\.m2\repository\org\apache\commons\commons-lang3\3.4\commons-lang3-3.4.jar;C:\Users\Abdur Rehmam\.m2\repository\javax\xml\bind\jaxb-api\2.2.12\jaxb-api-2.2.12.jar;C:\Users\Abdur Rehmam\.m2\repository\com\sun\xml\bind\jaxb-osgi\2.2.10\jaxb-osgi-2.2.10.jar;C:\Users\Abdur Rehmam\.m2\repository\org\apache\sling\org.apache.sling.javax.activation\0.1.0\org.apache.sling.javax.activation-0.1.0.jar;C:\Users\Abdur Rehmam\.m2\repository\com\googlecode\json-simple\json-simple\1.1\json-simple-1.1.jar;C:\Users\Abdur Rehmam\.m2\repository\com\relevantcodes\extentreports\2.41.2\extentreports-2.41.2.jar;C:\Users\Abdur Rehmam\.m2\repository\org\jsoup\jsoup\1.8.3\jsoup-1.8.3.jar;C:\Users\Abdur Rehmam\.m2\repository\org\xerial\sqlite-jdbc\3.8.11.1\sqlite-jdbc-3.8.11.1.jar;C:\Users\Abdur Rehmam\.m2\repository\org\freemarker\freemarker\2.3.23\freemarker-2.3.23.jar;C:\Users\Abdur Rehmam\.m2\repository\org\mongodb\mongodb-driver\3.0.4\mongodb-driver-3.0.4.jar;C:\Users\Abdur Rehmam\.m2\repository\org\mongodb\bson\3.0.4\bson-3.0.4.jar;C:\Users\Abdur Rehmam\.m2\repository\org\mongodb\mongodb-driver-core\3.0.4\mongodb-driver-core-3.0.4.jar;C:\Users\Abdur Rehmam\.m2\repository\org\apache\poi\poi\4.0.1\poi-4.0.1.jar;C:\Users\Abdur Rehmam\.m2\repository\org\apache\commons\commons-collections4\4.2\commons-collections4-4.2.jar;C:\Users\Abdur Rehmam\.m2\repository\org\apache\commons\commons-math3\3.6.1\commons-math3-3.6.1.jar;C:\Users\Abdur Rehmam\.m2\repository\org\apache\poi\poi-ooxml\4.0.1\poi-ooxml-4.0.1.jar;C:\Users\Abdur Rehmam\.m2\repository\org\apache\commons\commons-compress\1.18\commons-compress-1.18.jar;C:\Users\Abdur Rehmam\.m2\repository\com\github\virtuald\curvesapi\1.05\curvesapi-1.05.jar;C:\Users\Abdur Rehmam\.m2\repository\org\apache\poi\poi-ooxml-schemas\4.0.1\poi-ooxml-schemas-4.0.1.jar;C:\Users\Abdur Rehmam\.m2\repository\org\apache\xmlbeans\xmlbeans\3.0.2\xmlbeans-3.0.2.jar;C:\Users\Abdur Rehmam\.m2\repository\org\apache\poi\poi-scratchpad\4.0.1\poi-scratchpad-4.0.1.jar;C:\Users\Abdur Rehmam\.m2\repository\org\apache\poi\ooxml-schemas\1.1\ooxml-schemas-1.1.jar;C:\Users\Abdur Rehmam\.m2\repository\com\amazonaws\aws-java-sdk-ses\1.11.683\aws-java-sdk-ses-1.11.683.jar;C:\Users\Abdur Rehmam\.m2\repository\com\amazonaws\aws-java-sdk-core\1.11.683\aws-java-sdk-core-1.11.683.jar;C:\Users\Abdur Rehmam\.m2\repository\software\amazon\ion\ion-java\1.0.2\ion-java-1.0.2.jar;C:\Users\Abdur Rehmam\.m2\repository\com\fasterxml\jackson\core\jackson-databind\2.6.7.3\jackson-databind-2.6.7.3.jar;C:\Users\Abdur Rehmam\.m2\repository\com\fasterxml\jackson\dataformat\jackson-dataformat-cbor\2.6.7\jackson-dataformat-cbor-2.6.7.jar;C:\Users\Abdur Rehmam\.m2\repository\joda-time\joda-time\2.8.1\joda-time-2.8.1.jar;C:\Users\Abdur Rehmam\.m2\repository\com\amazonaws\jmespath-java\1.11.683\jmespath-java-1.11.683.jar;C:\Users\Abdur Rehmam\.m2\repository\com\amazonaws\aws-java-sdk-ssm\1.11.649\aws-java-sdk-ssm-1.11.649.jar;C:\Users\Abdur Rehmam\.m2\repository\org\json\json\20190722\json-20190722.jar;C:\Users\Abdur Rehmam\.m2\repository\javax\mail\mail\1.5.0-b01\mail-1.5.0-b01.jar;C:\Users\Abdur Rehmam\.m2\repository\javax\activation\activation\1.1\activation-1.1.jar;C:\Users\Abdur Rehmam\.m2\repository\com\google\guava\guava\25.0-jre\guava-25.0-jre.jar;C:\Users\Abdur Rehmam\.m2\repository\com\google\code\findbugs\jsr305\1.3.9\jsr305-1.3.9.jar;C:\Users\Abdur Rehmam\.m2\repository\org\checkerframework\checker-compat-qual\2.0.0\checker-compat-qual-2.0.0.jar;C:\Users\Abdur Rehmam\.m2\repository\com\google\errorprone\error_prone_annotations\2.1.3\error_prone_annotations-2.1.3.jar;C:\Users\Abdur Rehmam\.m2\repository\com\google\j2objc\j2objc-annotations\1.1\j2objc-annotations-1.1.jar;C:\Users\Abdur Rehmam\.m2\repository\org\codehaus\mojo\animal-sniffer-annotations\1.14\animal-sniffer-annotations-1.14.jar;C:\Users\Abdur Rehmam\.m2\repository\org\projectlombok\lombok\1.18.10\lombok-1.18.10.jar;C:\Users\Abdur Rehmam\.m2\repository\org\slf4j\slf4j-simple\1.8.0-beta4\slf4j-simple-1.8.0-beta4.jar;C:\Users\Abdur Rehmam\.m2\repository\org\slf4j\slf4j-api\1.8.0-beta4\slf4j-api-1.8.0-beta4.jar;C:\Users\Abdur Rehmam\.m2\repository\org\springframework\boot\spring-boot-configuration-processor\2.1.3.RELEASE\spring-boot-configuration-processor-2.1.3.RELEASE.jar;C:\Users\Abdur Rehmam\.m2\repository\com\google\code\gson\gson\2.8.6\gson-2.8.6.jar;C:\Users\Abdur Rehmam\.m2\repository\com\amazonaws\aws-java-sdk-s3\1.11.475\aws-java-sdk-s3-1.11.475.jar;C:\Users\Abdur Rehmam\.m2\repository\com\amazonaws\aws-java-sdk-kms\1.11.475\aws-java-sdk-kms-1.11.475.jar;C:\Users\Abdur Rehmam\.m2\repository\commons-io\commons-io\2.6\commons-io-2.6.jar;C:\Users\Abdur Rehmam\.m2\repository\software\amazon\awssdk\ssm\2.8.0\ssm-2.8.0.jar;C:\Users\Abdur Rehmam\.m2\repository\software\amazon\awssdk\aws-json-protocol\2.8.0\aws-json-protocol-2.8.0.jar;C:\Users\Abdur Rehmam\.m2\repository\com\fasterxml\jackson\core\jackson-core\2.9.8\jackson-core-2.9.8.jar;C:\Users\Abdur Rehmam\.m2\repository\software\amazon\awssdk\protocol-core\2.8.0\protocol-core-2.8.0.jar;C:\Users\Abdur Rehmam\.m2\repository\software\amazon\awssdk\sdk-core\2.8.0\sdk-core-2.8.0.jar;C:\Users\Abdur Rehmam\.m2\repository\software\amazon\awssdk\profiles\2.8.0\profiles-2.8.0.jar;C:\Users\Abdur Rehmam\.m2\repository\org\reactivestreams\reactive-streams\1.0.2\reactive-streams-1.0.2.jar;C:\Users\Abdur Rehmam\.m2\repository\software\amazon\awssdk\auth\2.8.0\auth-2.8.0.jar;C:\Users\Abdur Rehmam\.m2\repository\software\amazon\eventstream\eventstream\1.0.1\eventstream-1.0.1.jar;C:\Users\Abdur Rehmam\.m2\repository\software\amazon\awssdk\http-client-spi\2.8.0\http-client-spi-2.8.0.jar;C:\Users\Abdur Rehmam\.m2\repository\software\amazon\awssdk\regions\2.8.0\regions-2.8.0.jar;C:\Users\Abdur Rehmam\.m2\repository\com\fasterxml\jackson\core\jackson-annotations\2.9.0\jackson-annotations-2.9.0.jar;C:\Users\Abdur Rehmam\.m2\repository\software\amazon\awssdk\annotations\2.8.0\annotations-2.8.0.jar;C:\Users\Abdur Rehmam\.m2\repository\software\amazon\awssdk\utils\2.8.0\utils-2.8.0.jar;C:\Users\Abdur Rehmam\.m2\repository\software\amazon\awssdk\aws-core\2.8.0\aws-core-2.8.0.jar;C:\Users\Abdur Rehmam\.m2\repository\software\amazon\awssdk\apache-client\2.8.0\apache-client-2.8.0.jar;C:\Users\Abdur Rehmam\.m2\repository\software\amazon\awssdk\netty-nio-client\2.8.0\netty-nio-client-2.8.0.jar;C:\Users\Abdur Rehmam\.m2\repository\io\netty\netty-codec-http\4.1.39.Final\netty-codec-http-4.1.39.Final.jar;C:\Users\Abdur Rehmam\.m2\repository\io\netty\netty-codec-http2\4.1.39.Final\netty-codec-http2-4.1.39.Final.jar;C:\Users\Abdur Rehmam\.m2\repository\io\netty\netty-codec\4.1.39.Final\netty-codec-4.1.39.Final.jar;C:\Users\Abdur Rehmam\.m2\repository\io\netty\netty-transport\4.1.39.Final\netty-transport-4.1.39.Final.jar;C:\Users\Abdur Rehmam\.m2\repository\io\netty\netty-resolver\4.1.39.Final\netty-resolver-4.1.39.Final.jar;C:\Users\Abdur Rehmam\.m2\repository\io\netty\netty-common\4.1.39.Final\netty-common-4.1.39.Final.jar;C:\Users\Abdur Rehmam\.m2\repository\io\netty\netty-buffer\4.1.39.Final\netty-buffer-4.1.39.Final.jar;C:\Users\Abdur Rehmam\.m2\repository\io\netty\netty-handler\4.1.39.Final\netty-handler-4.1.39.Final.jar;C:\Users\Abdur Rehmam\.m2\repository\io\netty\netty-transport-native-epoll\4.1.39.Final\netty-transport-native-epoll-4.1.39.Final-linux-x86_64.jar;C:\Users\Abdur Rehmam\.m2\repository\io\netty\netty-transport-native-unix-common\4.1.39.Final\netty-transport-native-unix-common-4.1.39.Final.jar;C:\Users\Abdur Rehmam\.m2\repository\com\typesafe\netty\netty-reactive-streams-http\2.0.3\netty-reactive-streams-http-2.0.3.jar;C:\Users\Abdur Rehmam\.m2\repository\com\typesafe\netty\netty-reactive-streams\2.0.3\netty-reactive-streams-2.0.3.jar;"/>
    <property name="java.vm.vendor" value="Oracle Corporation"/>
    <property name="sun.arch.data.model" value="64"/>
    <property name="user.variant" value=""/>
    <property name="java.vendor.url" value="http://java.oracle.com/"/>
    <property name="user.timezone" value="Asia/Karachi"/>
    <property name="java.vm.specification.version" value="1.8"/>
    <property name="os.name" value="Windows 10"/>
    <property name="user.country" value="US"/>
    <property name="sun.java.launcher" value="SUN_STANDARD"/>
    <property name="sun.boot.library.path" value="C:\Program Files\Java\jdk1.8.0_144\jre\bin"/>
    <property name="sun.java.command" value="C:\Users\Abdur Rehmam\AppData\Local\Temp\surefire6639382439304711650\surefirebooter3630154090108651709.jar C:\Users\Abdur Rehmam\AppData\Local\Temp\surefire6639382439304711650 2020-04-27T13-42-18_522-jvmRun1 surefire235231456904135843tmp surefire_02132694988427998149tmp"/>
    <property name="surefire.test.class.path" value="F:\qa-api-test-automation-framework\target\test-classes;F:\qa-api-test-automation-framework\target\classes;C:\Users\Abdur Rehmam\.m2\repository\org\testng\testng\7.0.0\testng-7.0.0.jar;C:\Users\Abdur Rehmam\.m2\repository\com\beust\jcommander\1.72\jcommander-1.72.jar;C:\Users\Abdur Rehmam\.m2\repository\org\apache\httpcomponents\httpclient\4.5.10\httpclient-4.5.10.jar;C:\Users\Abdur Rehmam\.m2\repository\org\apache\httpcomponents\httpcore\4.4.12\httpcore-4.4.12.jar;C:\Users\Abdur Rehmam\.m2\repository\commons-logging\commons-logging\1.2\commons-logging-1.2.jar;C:\Users\Abdur Rehmam\.m2\repository\commons-codec\commons-codec\1.11\commons-codec-1.11.jar;C:\Users\Abdur Rehmam\.m2\repository\io\rest-assured\rest-assured\4.1.0\rest-assured-4.1.0.jar;C:\Users\Abdur Rehmam\.m2\repository\org\codehaus\groovy\groovy\2.5.6\groovy-2.5.6.jar;C:\Users\Abdur Rehmam\.m2\repository\org\codehaus\groovy\groovy-xml\2.5.6\groovy-xml-2.5.6.jar;C:\Users\Abdur Rehmam\.m2\repository\org\apache\httpcomponents\httpmime\4.5.3\httpmime-4.5.3.jar;C:\Users\Abdur Rehmam\.m2\repository\org\hamcrest\hamcrest\2.1\hamcrest-2.1.jar;C:\Users\Abdur Rehmam\.m2\repository\org\ccil\cowan\tagsoup\tagsoup\1.2.1\tagsoup-1.2.1.jar;C:\Users\Abdur Rehmam\.m2\repository\io\rest-assured\json-path\4.1.0\json-path-4.1.0.jar;C:\Users\Abdur Rehmam\.m2\repository\org\codehaus\groovy\groovy-json\2.5.6\groovy-json-2.5.6.jar;C:\Users\Abdur Rehmam\.m2\repository\io\rest-assured\rest-assured-common\4.1.0\rest-assured-common-4.1.0.jar;C:\Users\Abdur Rehmam\.m2\repository\io\rest-assured\xml-path\4.1.0\xml-path-4.1.0.jar;C:\Users\Abdur Rehmam\.m2\repository\org\apache\commons\commons-lang3\3.4\commons-lang3-3.4.jar;C:\Users\Abdur Rehmam\.m2\repository\javax\xml\bind\jaxb-api\2.2.12\jaxb-api-2.2.12.jar;C:\Users\Abdur Rehmam\.m2\repository\com\sun\xml\bind\jaxb-osgi\2.2.10\jaxb-osgi-2.2.10.jar;C:\Users\Abdur Rehmam\.m2\repository\org\apache\sling\org.apache.sling.javax.activation\0.1.0\org.apache.sling.javax.activation-0.1.0.jar;C:\Users\Abdur Rehmam\.m2\repository\com\googlecode\json-simple\json-simple\1.1\json-simple-1.1.jar;C:\Users\Abdur Rehmam\.m2\repository\com\relevantcodes\extentreports\2.41.2\extentreports-2.41.2.jar;C:\Users\Abdur Rehmam\.m2\repository\org\jsoup\jsoup\1.8.3\jsoup-1.8.3.jar;C:\Users\Abdur Rehmam\.m2\repository\org\xerial\sqlite-jdbc\3.8.11.1\sqlite-jdbc-3.8.11.1.jar;C:\Users\Abdur Rehmam\.m2\repository\org\freemarker\freemarker\2.3.23\freemarker-2.3.23.jar;C:\Users\Abdur Rehmam\.m2\repository\org\mongodb\mongodb-driver\3.0.4\mongodb-driver-3.0.4.jar;C:\Users\Abdur Rehmam\.m2\repository\org\mongodb\bson\3.0.4\bson-3.0.4.jar;C:\Users\Abdur Rehmam\.m2\repository\org\mongodb\mongodb-driver-core\3.0.4\mongodb-driver-core-3.0.4.jar;C:\Users\Abdur Rehmam\.m2\repository\org\apache\poi\poi\4.0.1\poi-4.0.1.jar;C:\Users\Abdur Rehmam\.m2\repository\org\apache\commons\commons-collections4\4.2\commons-collections4-4.2.jar;C:\Users\Abdur Rehmam\.m2\repository\org\apache\commons\commons-math3\3.6.1\commons-math3-3.6.1.jar;C:\Users\Abdur Rehmam\.m2\repository\org\apache\poi\poi-ooxml\4.0.1\poi-ooxml-4.0.1.jar;C:\Users\Abdur Rehmam\.m2\repository\org\apache\commons\commons-compress\1.18\commons-compress-1.18.jar;C:\Users\Abdur Rehmam\.m2\repository\com\github\virtuald\curvesapi\1.05\curvesapi-1.05.jar;C:\Users\Abdur Rehmam\.m2\repository\org\apache\poi\poi-ooxml-schemas\4.0.1\poi-ooxml-schemas-4.0.1.jar;C:\Users\Abdur Rehmam\.m2\repository\org\apache\xmlbeans\xmlbeans\3.0.2\xmlbeans-3.0.2.jar;C:\Users\Abdur Rehmam\.m2\repository\org\apache\poi\poi-scratchpad\4.0.1\poi-scratchpad-4.0.1.jar;C:\Users\Abdur Rehmam\.m2\repository\org\apache\poi\ooxml-schemas\1.1\ooxml-schemas-1.1.jar;C:\Users\Abdur Rehmam\.m2\repository\com\amazonaws\aws-java-sdk-ses\1.11.683\aws-java-sdk-ses-1.11.683.jar;C:\Users\Abdur Rehmam\.m2\repository\com\amazonaws\aws-java-sdk-core\1.11.683\aws-java-sdk-core-1.11.683.jar;C:\Users\Abdur Rehmam\.m2\repository\software\amazon\ion\ion-java\1.0.2\ion-java-1.0.2.jar;C:\Users\Abdur Rehmam\.m2\repository\com\fasterxml\jackson\core\jackson-databind\2.6.7.3\jackson-databind-2.6.7.3.jar;C:\Users\Abdur Rehmam\.m2\repository\com\fasterxml\jackson\dataformat\jackson-dataformat-cbor\2.6.7\jackson-dataformat-cbor-2.6.7.jar;C:\Users\Abdur Rehmam\.m2\repository\joda-time\joda-time\2.8.1\joda-time-2.8.1.jar;C:\Users\Abdur Rehmam\.m2\repository\com\amazonaws\jmespath-java\1.11.683\jmespath-java-1.11.683.jar;C:\Users\Abdur Rehmam\.m2\repository\com\amazonaws\aws-java-sdk-ssm\1.11.649\aws-java-sdk-ssm-1.11.649.jar;C:\Users\Abdur Rehmam\.m2\repository\org\json\json\20190722\json-20190722.jar;C:\Users\Abdur Rehmam\.m2\repository\javax\mail\mail\1.5.0-b01\mail-1.5.0-b01.jar;C:\Users\Abdur Rehmam\.m2\repository\javax\activation\activation\1.1\activation-1.1.jar;C:\Users\Abdur Rehmam\.m2\repository\com\google\guava\guava\25.0-jre\guava-25.0-jre.jar;C:\Users\Abdur Rehmam\.m2\repository\com\google\code\findbugs\jsr305\1.3.9\jsr305-1.3.9.jar;C:\Users\Abdur Rehmam\.m2\repository\org\checkerframework\checker-compat-qual\2.0.0\checker-compat-qual-2.0.0.jar;C:\Users\Abdur Rehmam\.m2\repository\com\google\errorprone\error_prone_annotations\2.1.3\error_prone_annotations-2.1.3.jar;C:\Users\Abdur Rehmam\.m2\repository\com\google\j2objc\j2objc-annotations\1.1\j2objc-annotations-1.1.jar;C:\Users\Abdur Rehmam\.m2\repository\org\codehaus\mojo\animal-sniffer-annotations\1.14\animal-sniffer-annotations-1.14.jar;C:\Users\Abdur Rehmam\.m2\repository\org\projectlombok\lombok\1.18.10\lombok-1.18.10.jar;C:\Users\Abdur Rehmam\.m2\repository\org\slf4j\slf4j-simple\1.8.0-beta4\slf4j-simple-1.8.0-beta4.jar;C:\Users\Abdur Rehmam\.m2\repository\org\slf4j\slf4j-api\1.8.0-beta4\slf4j-api-1.8.0-beta4.jar;C:\Users\Abdur Rehmam\.m2\repository\org\springframework\boot\spring-boot-configuration-processor\2.1.3.RELEASE\spring-boot-configuration-processor-2.1.3.RELEASE.jar;C:\Users\Abdur Rehmam\.m2\repository\com\google\code\gson\gson\2.8.6\gson-2.8.6.jar;C:\Users\Abdur Rehmam\.m2\repository\com\amazonaws\aws-java-sdk-s3\1.11.475\aws-java-sdk-s3-1.11.475.jar;C:\Users\Abdur Rehmam\.m2\repository\com\amazonaws\aws-java-sdk-kms\1.11.475\aws-java-sdk-kms-1.11.475.jar;C:\Users\Abdur Rehmam\.m2\repository\commons-io\commons-io\2.6\commons-io-2.6.jar;C:\Users\Abdur Rehmam\.m2\repository\software\amazon\awssdk\ssm\2.8.0\ssm-2.8.0.jar;C:\Users\Abdur Rehmam\.m2\repository\software\amazon\awssdk\aws-json-protocol\2.8.0\aws-json-protocol-2.8.0.jar;C:\Users\Abdur Rehmam\.m2\repository\com\fasterxml\jackson\core\jackson-core\2.9.8\jackson-core-2.9.8.jar;C:\Users\Abdur Rehmam\.m2\repository\software\amazon\awssdk\protocol-core\2.8.0\protocol-core-2.8.0.jar;C:\Users\Abdur Rehmam\.m2\repository\software\amazon\awssdk\sdk-core\2.8.0\sdk-core-2.8.0.jar;C:\Users\Abdur Rehmam\.m2\repository\software\amazon\awssdk\profiles\2.8.0\profiles-2.8.0.jar;C:\Users\Abdur Rehmam\.m2\repository\org\reactivestreams\reactive-streams\1.0.2\reactive-streams-1.0.2.jar;C:\Users\Abdur Rehmam\.m2\repository\software\amazon\awssdk\auth\2.8.0\auth-2.8.0.jar;C:\Users\Abdur Rehmam\.m2\repository\software\amazon\eventstream\eventstream\1.0.1\eventstream-1.0.1.jar;C:\Users\Abdur Rehmam\.m2\repository\software\amazon\awssdk\http-client-spi\2.8.0\http-client-spi-2.8.0.jar;C:\Users\Abdur Rehmam\.m2\repository\software\amazon\awssdk\regions\2.8.0\regions-2.8.0.jar;C:\Users\Abdur Rehmam\.m2\repository\com\fasterxml\jackson\core\jackson-annotations\2.9.0\jackson-annotations-2.9.0.jar;C:\Users\Abdur Rehmam\.m2\repository\software\amazon\awssdk\annotations\2.8.0\annotations-2.8.0.jar;C:\Users\Abdur Rehmam\.m2\repository\software\amazon\awssdk\utils\2.8.0\utils-2.8.0.jar;C:\Users\Abdur Rehmam\.m2\repository\software\amazon\awssdk\aws-core\2.8.0\aws-core-2.8.0.jar;C:\Users\Abdur Rehmam\.m2\repository\software\amazon\awssdk\apache-client\2.8.0\apache-client-2.8.0.jar;C:\Users\Abdur Rehmam\.m2\repository\software\amazon\awssdk\netty-nio-client\2.8.0\netty-nio-client-2.8.0.jar;C:\Users\Abdur Rehmam\.m2\repository\io\netty\netty-codec-http\4.1.39.Final\netty-codec-http-4.1.39.Final.jar;C:\Users\Abdur Rehmam\.m2\repository\io\netty\netty-codec-http2\4.1.39.Final\netty-codec-http2-4.1.39.Final.jar;C:\Users\Abdur Rehmam\.m2\repository\io\netty\netty-codec\4.1.39.Final\netty-codec-4.1.39.Final.jar;C:\Users\Abdur Rehmam\.m2\repository\io\netty\netty-transport\4.1.39.Final\netty-transport-4.1.39.Final.jar;C:\Users\Abdur Rehmam\.m2\repository\io\netty\netty-resolver\4.1.39.Final\netty-resolver-4.1.39.Final.jar;C:\Users\Abdur Rehmam\.m2\repository\io\netty\netty-common\4.1.39.Final\netty-common-4.1.39.Final.jar;C:\Users\Abdur Rehmam\.m2\repository\io\netty\netty-buffer\4.1.39.Final\netty-buffer-4.1.39.Final.jar;C:\Users\Abdur Rehmam\.m2\repository\io\netty\netty-handler\4.1.39.Final\netty-handler-4.1.39.Final.jar;C:\Users\Abdur Rehmam\.m2\repository\io\netty\netty-transport-native-epoll\4.1.39.Final\netty-transport-native-epoll-4.1.39.Final-linux-x86_64.jar;C:\Users\Abdur Rehmam\.m2\repository\io\netty\netty-transport-native-unix-common\4.1.39.Final\netty-transport-native-unix-common-4.1.39.Final.jar;C:\Users\Abdur Rehmam\.m2\repository\com\typesafe\netty\netty-reactive-streams-http\2.0.3\netty-reactive-streams-http-2.0.3.jar;C:\Users\Abdur Rehmam\.m2\repository\com\typesafe\netty\netty-reactive-streams\2.0.3\netty-reactive-streams-2.0.3.jar;"/>
    <property name="sun.cpu.endian" value="little"/>
    <property name="user.home" value="C:\Users\Abdur Rehmam"/>
    <property name="user.language" value="en"/>
    <property name="java.specification.vendor" value="Oracle Corporation"/>
    <property name="java.home" value="C:\Program Files\Java\jdk1.8.0_144\jre"/>
    <property name="basedir" value="F:\qa-api-test-automation-framework"/>
    <property name="file.separator" value="\"/>
    <property name="line.separator" value="&#10;"/>
    <property name="java.vm.specification.vendor" value="Oracle Corporation"/>
    <property name="java.specification.name" value="Java Platform API Specification"/>
    <property name="java.awt.graphicsenv" value="sun.awt.Win32GraphicsEnvironment"/>
    <property name="surefire.real.class.path" value="C:\Users\Abdur Rehmam\AppData\Local\Temp\surefire6639382439304711650\surefirebooter3630154090108651709.jar"/>
    <property name="sun.boot.class.path" value="C:\Program Files\Java\jdk1.8.0_144\jre\lib\resources.jar;C:\Program Files\Java\jdk1.8.0_144\jre\lib\rt.jar;C:\Program Files\Java\jdk1.8.0_144\jre\lib\sunrsasign.jar;C:\Program Files\Java\jdk1.8.0_144\jre\lib\jsse.jar;C:\Program Files\Java\jdk1.8.0_144\jre\lib\jce.jar;C:\Program Files\Java\jdk1.8.0_144\jre\lib\charsets.jar;C:\Program Files\Java\jdk1.8.0_144\jre\lib\jfr.jar;C:\Program Files\Java\jdk1.8.0_144\jre\classes"/>
    <property name="user.script" value=""/>
    <property name="sun.management.compiler" value="HotSpot 64-Bit Tiered Compilers"/>
    <property name="java.runtime.version" value="1.8.0_144-b01"/>
    <property name="user.name" value="Abdur Rehman"/>
    <property name="path.separator" value=";"/>
    <property name="os.version" value="10.0"/>
    <property name="java.endorsed.dirs" value="C:\Program Files\Java\jdk1.8.0_144\jre\lib\endorsed"/>
    <property name="java.runtime.name" value="Java(TM) SE Runtime Environment"/>
    <property name="file.encoding" value="Cp1252"/>
    <property name="java.vm.name" value="Java HotSpot(TM) 64-Bit Server VM"/>
    <property name="idea.version2020.1" value="true"/>
    <property name="localRepository" value="C:\Users\Abdur Rehmam\.m2\repository"/>
    <property name="java.vendor.url.bug" value="http://bugreport.sun.com/bugreport/"/>
    <property name="java.io.tmpdir" value="C:\Users\ABDURR~1\AppData\Local\Temp\"/>
    <property name="java.version" value="1.8.0_144"/>
    <property name="user.dir" value="F:\qa-api-test-automation-framework"/>
    <property name="os.arch" value="amd64"/>
    <property name="java.vm.specification.name" value="Java Virtual Machine Specification"/>
    <property name="java.awt.printerjob" value="sun.awt.windows.WPrinterJob"/>
    <property name="serviceName" value="post"/>
    <property name="sun.os.patch.level" value=""/>
    <property name="java.library.path" value="C:\Program Files\Java\jdk1.8.0_144\jre\bin;C:\WINDOWS\Sun\Java\bin;C:\WINDOWS\system32;C:\WINDOWS;C:\Program Files\Broadcom\Broadcom 802.11 Network Adapter;C:\ProgramData\Oracle\Java\javapath;C:\WINDOWS\system32;C:\WINDOWS;C:\WINDOWS\System32\Wbem;C:\WINDOWS\System32\WindowsPowerShell\v1.0\;c:\Program Files\Intel\WiFi\bin\;c:\Program Files\Common Files\Intel\WirelessCommon\;C:\Program Files\Microsoft SQL Server\Client SDK\ODBC\110\Tools\Binn\;C:\Program Files (x86)\Microsoft SQL Server\120\Tools\Binn\;C:\Program Files\Microsoft SQL Server\120\Tools\Binn\;C:\Program Files\Microsoft SQL Server\120\DTS\Binn\;C:\WINDOWS\System32\OpenSSH\;C:\Android;C:\Windows\System32;C:\Program Files\PuTTY\;C:\Program Files (x86)\Bitvise SSH Client;C:\Program Files\Git\cmd;C:\Program Files\nodejs\;C:\Program Files\Docker\Docker\resources\bin;C:\ProgramData\DockerDesktop\version-bin;C:\Program Files\Microsoft VS Code\bin;C:\Program Files\Amazon\AWSCLIV2\;C:\Program Files\apache-maven-3.6.3\bin;C:\Users\Abdur Rehmam\AppData\Local\Programs\Python\Python37-32\Scripts\;C:\Users\Abdur Rehmam\AppData\Local\Programs\Python\Python37-32\;C:\Users\Abdur Rehmam\AppData\Local\Microsoft\WindowsApps;c:\Program Files\Intel\WiFi\bin\;c:\Program Files\Common Files\Intel\WirelessCommon\;;C:\Modeltech_6.2c\win32;C:\Program Files\JetBrains\PyCharm Community Edition 2019.2\bin;;C:\Program Files\JetBrains\WebStorm 2019.1.3\bin;;C:\Users\Abdur Rehmam\AppData\Roaming\npm;C:\Program Files\JetBrains\IntelliJ IDEA Community Edition 2020.1\bin;;."/>
    <property name="java.vm.info" value="mixed mode"/>
    <property name="java.vendor" value="Oracle Corporation"/>
    <property name="java.vm.version" value="25.144-b01"/>
    <property name="java.ext.dirs" value="C:\Program Files\Java\jdk1.8.0_144\jre\lib\ext;C:\WINDOWS\Sun\Java\lib\ext"/>
    <property name="sun.io.unicode.encoding" value="UnicodeLittle"/>
    <property name="java.class.version" value="52.0"/>
  </properties>
  <testcase name="postEndpointValidation" classname="com.cdk.qa.framework.validators.ApiValidationPOST" time="12.086"/>
</testsuite>